Performing C SOURCE FILE Test CMAKE_HAVE_LIBC_PTHREAD failed with the following output:
Change Dir: /home/chaebeomsoo/rehab/terminal1/build/CMakeFiles/CMakeTmp

Run Build Command(s):/usr/bin/gmake cmTC_12667/fast && /usr/bin/gmake  -f CMakeFiles/cmTC_12667.dir/build.make CMakeFiles/cmTC_12667.dir/build
gmake[1]: 디렉터리 '/home/chaebeomsoo/rehab/terminal1/build/CMakeFiles/CMakeTmp' 들어감
Building C object CMakeFiles/cmTC_12667.dir/src.c.o
/usr/bin/cc   -DCMAKE_HAVE_LIBC_PTHREAD -std=gnu99 -o CMakeFiles/cmTC_12667.dir/src.c.o -c /home/chaebeomsoo/rehab/terminal1/build/CMakeFiles/CMakeTmp/src.c
Linking C executable cmTC_12667
/usr/bin/cmake -E cmake_link_script CMakeFiles/cmTC_12667.dir/link.txt --verbose=1
/usr/bin/cc  -DCMAKE_HAVE_LIBC_PTHREAD CMakeFiles/cmTC_12667.dir/src.c.o -o cmTC_12667 
/usr/bin/ld: CMakeFiles/cmTC_12667.dir/src.c.o: in function `main':
src.c:(.text+0x40): undefined reference to `pthread_create'
/usr/bin/ld: src.c:(.text+0x4c): undefined reference to `pthread_detach'
/usr/bin/ld: src.c:(.text+0x58): undefined reference to `pthread_cancel'
/usr/bin/ld: src.c:(.text+0x68): undefined reference to `pthread_join'
collect2: error: ld returned 1 exit status
gmake[1]: *** [CMakeFiles/cmTC_12667.dir/build.make:106: cmTC_12667] 오류 1
gmake[1]: 디렉터리 '/home/chaebeomsoo/rehab/terminal1/build/CMakeFiles/CMakeTmp' 나감
gmake: *** [Makefile:140: cmTC_12667/fast] 오류 2


Source file was:
#include <pthread.h>

void* test_func(void* data)
{
  return data;
}

int main(void)
{
  pthread_t thread;
  pthread_create(&thread, NULL, test_func, NULL);
  pthread_detach(thread);
  pthread_cancel(thread);
  pthread_join(thread, NULL);
  pthread_atfork(NULL, NULL, NULL);
  pthread_exit(NULL);

  return 0;
}

Determining if the function pthread_create exists in the pthreads failed with the following output:
Change Dir: /home/chaebeomsoo/rehab/terminal1/build/CMakeFiles/CMakeTmp

Run Build Command(s):/usr/bin/gmake cmTC_97adb/fast && /usr/bin/gmake  -f CMakeFiles/cmTC_97adb.dir/build.make CMakeFiles/cmTC_97adb.dir/build
gmake[1]: 디렉터리 '/home/chaebeomsoo/rehab/terminal1/build/CMakeFiles/CMakeTmp' 들어감
Building C object CMakeFiles/cmTC_97adb.dir/CheckFunctionExists.c.o
/usr/bin/cc   -DCHECK_FUNCTION_EXISTS=pthread_create -std=gnu99 -o CMakeFiles/cmTC_97adb.dir/CheckFunctionExists.c.o -c /usr/share/cmake-3.18/Modules/CheckFunctionExists.c
Linking C executable cmTC_97adb
/usr/bin/cmake -E cmake_link_script CMakeFiles/cmTC_97adb.dir/link.txt --verbose=1
/usr/bin/cc  -DCHECK_FUNCTION_EXISTS=pthread_create CMakeFiles/cmTC_97adb.dir/CheckFunctionExists.c.o -o cmTC_97adb  -lpthreads 
/usr/bin/ld: cannot find -lpthreads
collect2: error: ld returned 1 exit status
gmake[1]: *** [CMakeFiles/cmTC_97adb.dir/build.make:106: cmTC_97adb] 오류 1
gmake[1]: 디렉터리 '/home/chaebeomsoo/rehab/terminal1/build/CMakeFiles/CMakeTmp' 나감
gmake: *** [Makefile:140: cmTC_97adb/fast] 오류 2



